2020/07/24 11:42:49 INFO  : .z: Copied (replaced existing)
2020/07/24 11:42:49 INFO  : .wakatime.db: Copied (replaced existing)
2020/07/24 11:42:51 INFO  : .local/share/myscripts/gdrive-backup: Copied (replaced existing)
2020/07/24 11:42:51 INFO  : .wakatime.log: Copied (replaced existing)
2020/07/24 11:42:52 INFO  : .local/share/myscripts/gdrive-backup-logs/1595494659.log: Copied (replaced existing)
2020/07/24 11:42:53 INFO  : Downloads/ayuDark.qbtheme: Copied (new)
2020/07/24 11:42:53 INFO  : .zsh_history: Copied (replaced existing)
2020/07/24 11:42:54 ERROR : .local/share/myscripts/gdrive-backup-logs/1595571145.log: corrupted on transfer: MD5 hash differ "736c361c9df3d9d473cf696e5e4cf388" vs "9ee9459c93eef4e4574dba6d318980b6"
2020/07/24 11:42:54 INFO  : .local/share/myscripts/gdrive-backup-logs/1595571145.log: Removing failed copy
2020/07/24 11:43:03 INFO  : projects/github.com/t-minus-app/T_Minus/.gitignore: Copied (new)
2020/07/24 11:43:03 INFO  : projects/github.com/t-minus-app/T_Minus/pubspec.yaml: Copied (new)
2020/07/24 11:43:06 INFO  : projects/github.com/t-minus-app/T_Minus/.metadata: Copied (new)
2020/07/24 11:43:07 INFO  : projects/github.com/t-minus-app/T_Minus/README.md: Copied (new)
2020/07/24 11:43:09 INFO  : projects/github.com/t-minus-app/T_Minus/pubspec.lock: Copied (new)
2020/07/24 11:43:09 INFO  : projects/github.com/t-minus-app/T_Minus/android/build.gradle: Copied (new)
2020/07/24 11:43:10 INFO  : projects/github.com/t-minus-app/T_Minus/android/settings.gradle: Copied (new)
2020/07/24 11:43:10 INFO  : projects/github.com/t-minus-app/T_Minus/android/.gitignore: Copied (new)
2020/07/24 11:43:11 INFO  : projects/github.com/t-minus-app/T_Minus/android/gradle.properties: Copied (new)
2020/07/24 11:43:13 INFO  : projects/github.com/t-minus-app/T_Minus/ios/.gitignore: Copied (new)
2020/07/24 11:43:15 INFO  : projects/github.com/t-minus-app/T_Minus/android/app/build.gradle: Copied (new)
2020/07/24 11:43:19 INFO  : projects/github.com/t-minus-app/T_Minus/lib/main.dart: Copied (new)
2020/07/24 11:43:20 INFO  : projects/github.com/t-minus-app/T_Minus/lib/tag.dart: Copied (new)
2020/07/24 11:43:24 INFO  : projects/github.com/t-minus-app/T_Minus/ios/Flutter/AppFrameworkInfo.plist: Copied (new)
2020/07/24 11:43:25 INFO  : projects/github.com/t-minus-app/T_Minus/ios/Flutter/Debug.xcconfig: Copied (new)
2020/07/24 11:43:25 INFO  : projects/github.com/t-minus-app/T_Minus/ios/Flutter/Release.xcconfig: Copied (new)
2020/07/24 11:43:26 INFO  : projects/work/idea-boards/src/components/BackButton.svelte: Copied (replaced existing)
2020/07/24 11:43:26 INFO  : projects/work/idea-boards/src/components/ProjectTile.svelte: Copied (replaced existing)
2020/07/24 11:43:26 INFO  : projects/work/idea-boards/src/components/Sidebar.svelte: Copied (replaced existing)
2020/07/24 11:43:31 INFO  : projects/github.com/t-minus-app/T_Minus/ios/Runner/Runner-Bridging-Header.h: Copied (new)
2020/07/24 11:43:34 INFO  : projects/github.com/t-minus-app/T_Minus/test/widget_test.dart: Copied (new)
2020/07/24 11:43:38 INFO  : projects/github.com/t-minus-app/T_Minus/android/gradle/wrapper/gradle-wrapper.properties: Copied (new)
2020/07/24 11:43:39 INFO  : projects/github.com/t-minus-app/T_Minus/ios/Runner/Info.plist: Copied (new)
2020/07/24 11:43:42 INFO  : projects/github.com/t-minus-app/T_Minus/ios/Runner/AppDelegate.swift: Copied (new)
2020/07/24 11:43:43 INFO  : projects/github.com/t-minus-app/T_Minus/android/app/src/debug/AndroidManifest.xml: Copied (new)
2020/07/24 11:43:47 INFO  : projects/github.com/t-minus-app/T_Minus/ios/Runner.xcodeproj/project.pbxproj: Copied (new)
2020/07/24 11:43:50 INFO  : projects/github.com/t-minus-app/T_Minus/android/app/src/main/AndroidManifest.xml: Copied (new)
2020/07/24 11:43:53 INFO  : projects/github.com/t-minus-app/T_Minus/ios/Runner.xcworkspace/contents.xcworkspacedata: Copied (new)
2020/07/24 11:43:57 INFO  : projects/github.com/t-minus-app/T_Minus/ios/Runner/Assets.xcassets/AppIcon.appiconset/Icon-App-1024x1024@1x.png: Copied (new)
2020/07/24 11:44:03 INFO  : projects/github.com/t-minus-app/T_Minus/ios/Runner/Assets.xcassets/AppIcon.appiconset/Icon-App-29x29@3x.png: Copied (new)
2020/07/24 11:44:03 INFO  : projects/github.com/t-minus-app/T_Minus/ios/Runner/Base.lproj/LaunchScreen.storyboard: Copied (new)
2020/07/24 11:44:04 INFO  : projects/github.com/t-minus-app/T_Minus/ios/Runner/Assets.xcassets/AppIcon.appiconset/Icon-App-29x29@1x.png: Copied (new)
2020/07/24 11:44:04 INFO  : projects/github.com/t-minus-app/T_Minus/ios/Runner/Assets.xcassets/AppIcon.appiconset/Icon-App-20x20@1x.png: Copied (new)
2020/07/24 11:44:06 INFO  : projects/github.com/t-minus-app/T_Minus/ios/Runner/Base.lproj/Main.storyboard: Copied (new)
2020/07/24 11:44:06 INFO  : projects/github.com/t-minus-app/T_Minus/ios/Runner.xcodeproj/project.xcworkspace/contents.xcworkspacedata: Copied (new)
2020/07/24 11:44:08 INFO  : projects/github.com/t-minus-app/T_Minus/android/app/src/profile/AndroidManifest.xml: Copied (new)
2020/07/24 11:44:08 INFO  : projects/github.com/t-minus-app/T_Minus/ios/Runner/Assets.xcassets/AppIcon.appiconset/Icon-App-20x20@3x.png: Copied (new)
2020/07/24 11:44:08 INFO  : projects/github.com/t-minus-app/T_Minus/ios/Runner/Assets.xcassets/AppIcon.appiconset/Icon-App-29x29@2x.png: Copied (new)
2020/07/24 11:44:09 INFO  : projects/github.com/t-minus-app/T_Minus/ios/Runner/Assets.xcassets/AppIcon.appiconset/Icon-App-60x60@2x.png: Copied (new)
2020/07/24 11:44:09 INFO  : projects/github.com/t-minus-app/T_Minus/ios/Runner/Assets.xcassets/AppIcon.appiconset/Icon-App-40x40@1x.png: Copied (new)
2020/07/24 11:44:10 INFO  : projects/github.com/t-minus-app/T_Minus/ios/Runner/Assets.xcassets/AppIcon.appiconset/Icon-App-40x40@3x.png: Copied (new)
2020/07/24 11:44:10 INFO  : projects/work/idea-boards/src/routes/dash/index.svelte: Copied (replaced existing)
2020/07/24 11:44:10 INFO  : projects/github.com/t-minus-app/T_Minus/ios/Runner/Assets.xcassets/AppIcon.appiconset/Icon-App-20x20@2x.png: Copied (new)
2020/07/24 11:44:11 INFO  : projects/github.com/t-minus-app/T_Minus/ios/Runner/Assets.xcassets/AppIcon.appiconset/Icon-App-40x40@2x.png: Copied (new)
2020/07/24 11:44:11 INFO  : projects/github.com/t-minus-app/T_Minus/ios/Runner/Assets.xcassets/AppIcon.appiconset/Contents.json: Copied (new)
2020/07/24 11:44:11 INFO  : projects/github.com/t-minus-app/T_Minus/ios/Runner/Assets.xcassets/AppIcon.appiconset/Icon-App-60x60@3x.png: Copied (new)
2020/07/24 11:44:12 INFO  : projects/github.com/t-minus-app/T_Minus/ios/Runner/Assets.xcassets/AppIcon.appiconset/Icon-App-83.5x83.5@2x.png: Copied (new)
2020/07/24 11:44:12 INFO  : projects/github.com/t-minus-app/T_Minus/ios/Runner/Assets.xcassets/AppIcon.appiconset/Icon-App-76x76@2x.png: Copied (new)
2020/07/24 11:44:14 INFO  : projects/github.com/t-minus-app/T_Minus/ios/Runner.xcworkspace/xcshareddata/IDEWorkspaceChecks.plist: Copied (new)
2020/07/24 11:44:16 INFO  : projects/github.com/t-minus-app/T_Minus/ios/Runner.xcodeproj/project.xcworkspace/xcshareddata/IDEWorkspaceChecks.plist: Copied (new)
2020/07/24 11:44:23 INFO  : projects/github.com/t-minus-app/T_Minus/ios/Runner.xcodeproj/project.xcworkspace/xcshareddata/WorkspaceSettings.xcsettings: Copied (new)
2020/07/24 11:44:23 INFO  : projects/github.com/t-minus-app/T_Minus/ios/Runner/Assets.xcassets/LaunchImage.imageset/LaunchImage@2x.png: Copied (new)
2020/07/24 11:44:23 INFO  : projects/github.com/t-minus-app/T_Minus/ios/Runner.xcworkspace/xcshareddata/WorkspaceSettings.xcsettings: Copied (new)
2020/07/24 11:44:23 INFO  : projects/github.com/t-minus-app/T_Minus/ios/Runner/Assets.xcassets/LaunchImage.imageset/Contents.json: Copied (new)
2020/07/24 11:44:23 INFO  : projects/github.com/t-minus-app/T_Minus/ios/Runner/Assets.xcassets/LaunchImage.imageset/LaunchImage@3x.png: Copied (new)
2020/07/24 11:44:24 INFO  : projects/github.com/t-minus-app/T_Minus/ios/Runner/Assets.xcassets/LaunchImage.imageset/README.md: Copied (new)
2020/07/24 11:44:25 INFO  : projects/github.com/t-minus-app/T_Minus/ios/Runner/Assets.xcassets/LaunchImage.imageset/LaunchImage.png: Copied (new)
2020/07/24 11:44:29 INFO  : projects/github.com/t-minus-app/T_Minus/ios/Runner.xcodeproj/xcshareddata/xcschemes/Runner.xcscheme: Copied (new)
2020/07/24 11:44:31 INFO  : projects/work/idea-boards/src/routes/dash/[project]/index.svelte: Copied (replaced existing)
2020/07/24 11:44:35 INFO  : projects/github.com/t-minus-app/T_Minus/android/app/src/main/res/drawable/launch_background.xml: Copied (new)
2020/07/24 11:44:38 INFO  : projects/github.com/t-minus-app/T_Minus/android/app/src/main/res/mipmap-hdpi/ic_launcher.png: Copied (new)
2020/07/24 11:44:52 INFO  : projects/github.com/t-minus-app/T_Minus/android/app/src/main/kotlin/com/tminus/t_minus/MainActivity.kt: Copied (new)
2020/07/24 11:44:55 INFO  : projects/github.com/t-minus-app/T_Minus/android/app/src/main/res/mipmap-mdpi/ic_launcher.png: Copied (new)
2020/07/24 11:45:00 INFO  : projects/github.com/t-minus-app/T_Minus/android/app/src/main/res/mipmap-xhdpi/ic_launcher.png: Copied (new)
2020/07/24 11:45:05 INFO  : projects/github.com/t-minus-app/T_Minus/android/app/src/main/res/mipmap-xxhdpi/ic_launcher.png: Copied (new)
2020/07/24 11:45:08 INFO  : projects/github.com/t-minus-app/T_Minus/android/app/src/main/res/mipmap-xxxhdpi/ic_launcher.png: Copied (new)
2020/07/24 11:45:15 INFO  : projects/github.com/t-minus-app/T_Minus/android/app/src/main/res/values/styles.xml: Copied (new)
2020/07/24 11:49:04 INFO  : projects/github.com/t-minus-app/T_Minus/ios/Runner/Assets.xcassets/AppIcon.appiconset/Icon-App-76x76@1x.png: Copied (new)
2020/07/24 11:49:04 ERROR : Google drive root 'plibither8-linux': not deleting files as there were IO errors
2020/07/24 11:49:04 ERROR : Google drive root 'plibither8-linux': not deleting directories as there were IO errors
2020/07/24 11:49:04 ERROR : Attempt 1/3 failed with 1 errors and: corrupted on transfer: MD5 hash differ "736c361c9df3d9d473cf696e5e4cf388" vs "9ee9459c93eef4e4574dba6d318980b6"
2020/07/24 11:49:07 INFO  : .wakatime.db: Copied (replaced existing)
2020/07/24 11:49:14 INFO  : .local/share/myscripts/gdrive-backup-logs/1595571145.log: Copied (new)
2020/07/24 11:51:17 ERROR : Attempt 2/3 succeeded
2020/07/24 11:51:17 INFO  : 
Transferred:   	    2.527M / 2.527 MBytes, 100%, 6.772 kBytes/s, ETA 0s
Checks:             14564 / 14564, 100%
Transferred:           77 / 77, 100%
Elapsed time:      6m22.0s

